<!DOCTYPE html PUBLIC "-//W3C//DTD XHTML 1.1//EN" "http://www.w3.org/TR/xhtml11/DTD/xhtml11.dtd">
<html xmlns="http://www.w3.org/1999/xhtml">
<head>
<meta http-equiv="content-type" content="text/html; charset=UTF-8"/>
<title>TestNG Report</title>
<style type="text/css">table {margin-bottom:10px;border-collapse:collapse;empty-cells:show}th,td {border:1px solid #009;padding:.25em .5em}th {vertical-align:bottom}td {vertical-align:top}table a {font-weight:bold}.stripe td {background-color: #E6EBF9}.num {text-align:right}.passedodd td {background-color: #3F3}.passedeven td {background-color: #0A0}.skippedodd td {background-color: #DDD}.skippedeven td {background-color: #CCC}.failedodd td,.attn {background-color: #F33}.failedeven td,.stripe .attn {background-color: #D00}.stacktrace {white-space:pre;font-family:monospace}.totop {font-size:85%;text-align:center;border-bottom:2px solid #000}.invisible {display:none}</style>
</head>
<body>
<table>
<tr><th>Test</th><th># Passed</th><th># Skipped</th><th># Retried</th><th># Failed</th><th>Time (ms)</th><th>Included Groups</th><th>Excluded Groups</th></tr>
<tr><th colspan="8">Login regression tests</th></tr>
<tr><td><a href="#t0">Login - windows 10 - Chrome 84</a></td><td class="num">5</td><td class="num">0</td><td class="num">0</td><td class="num attn">1</td><td class="num">198,387</td><td></td><td></td></tr>
<tr class="stripe"><td><a href="#t1">Login - windows 10 - Firefox 80</a></td><td class="num">5</td><td class="num">0</td><td class="num">0</td><td class="num attn">1</td><td class="num">204,128</td><td></td><td></td></tr>
<tr><td><a href="#t2">Login - windows 10 - Edge 85</a></td><td class="num">5</td><td class="num">0</td><td class="num">0</td><td class="num attn">1</td><td class="num">205,133</td><td></td><td></td></tr>
<tr class="stripe"><td><a href="#t3">Login - OS X Catalina - Firefox 80</a></td><td class="num">5</td><td class="num">0</td><td class="num">0</td><td class="num attn">1</td><td class="num">159,468</td><td></td><td></td></tr>
<tr><td><a href="#t4">Login - OS X Catalina - Chrome 85</a></td><td class="num">4</td><td class="num">0</td><td class="num">0</td><td class="num attn">2</td><td class="num">121,816</td><td></td><td></td></tr>
<tr class="stripe"><td><a href="#t5">Login - OS X Catalina - Safari 13.1</a></td><td class="num">5</td><td class="num">0</td><td class="num">0</td><td class="num attn">1</td><td class="num">120,385</td><td></td><td></td></tr>
<tr><th>Total</th><th class="num">29</th><th class="num">0</th><th class="num">0</th><th class="num attn">7</th><th class="num">1,009,317</th><th colspan="2"></th></tr>
</table>
<table id='summary'><thead><tr><th>Class</th><th>Method</th><th>Start</th><th>Time (ms)</th></tr></thead><tbody><tr><th colspan="4">Login regression tests</th></tr></tbody><tbody id="t0"><tr><th colspan="4">Login - windows 10 - Chrome 84 &#8212; failed</th></tr><tr class="failedeven"><td rowspan="1">test.LoginTest</td><td><a href="#m0">loginSuccessfully</a></td><td rowspan="1">1608232403982</td><td rowspan="1">29957</td></tr><tr><th colspan="4">Login - windows 10 - Chrome 84 &#8212; passed</th></tr><tr class="passedeven"><td rowspan="5">test.LoginTest</td><td><a href="#m1">invalidEmail1</a></td><td rowspan="1">1608232288882</td><td rowspan="1">6367</td></tr><tr class="passedeven"><td><a href="#m2">invalidEmail2</a></td><td rowspan="1">1608232319617</td><td rowspan="1">9426</td></tr><tr class="passedeven"><td><a href="#m3">invalidEmail3</a></td><td rowspan="1">1608232346638</td><td rowspan="1">7285</td></tr><tr class="passedeven"><td><a href="#m4">invalidPassword</a></td><td rowspan="1">1608232374543</td><td rowspan="1">9245</td></tr><tr class="passedeven"><td><a href="#m5">requiredFields</a></td><td rowspan="1">1608232257654</td><td rowspan="1">15359</td></tr></tbody>
<tbody id="t1"><tr><th colspan="4">Login - windows 10 - Firefox 80 &#8212; failed</th></tr><tr class="failedeven"><td rowspan="1">test.LoginTest</td><td><a href="#m6">loginSuccessfully</a></td><td rowspan="1">1608232615673</td><td rowspan="1">23812</td></tr><tr><th colspan="4">Login - windows 10 - Firefox 80 &#8212; passed</th></tr><tr class="passedeven"><td rowspan="5">test.LoginTest</td><td><a href="#m7">invalidEmail1</a></td><td rowspan="1">1608232498974</td><td rowspan="1">4701</td></tr><tr class="passedeven"><td><a href="#m8">invalidEmail2</a></td><td rowspan="1">1608232526485</td><td rowspan="1">4519</td></tr><tr class="passedeven"><td><a href="#m9">invalidEmail3</a></td><td rowspan="1">1608232559269</td><td rowspan="1">4301</td></tr><tr class="passedeven"><td><a href="#m10">invalidPassword</a></td><td rowspan="1">1608232583105</td><td rowspan="1">4653</td></tr><tr class="passedeven"><td><a href="#m11">requiredFields</a></td><td rowspan="1">1608232468163</td><td rowspan="1">6464</td></tr></tbody>
<tbody id="t2"><tr><th colspan="4">Login - windows 10 - Edge 85 &#8212; failed</th></tr><tr class="failedeven"><td rowspan="1">test.LoginTest</td><td><a href="#m12">loginSuccessfully</a></td><td rowspan="1">1608232819036</td><td rowspan="1">26312</td></tr><tr><th colspan="4">Login - windows 10 - Edge 85 &#8212; passed</th></tr><tr class="passedeven"><td rowspan="5">test.LoginTest</td><td><a href="#m13">invalidEmail1</a></td><td rowspan="1">1608232724809</td><td rowspan="1">6992</td></tr><tr class="passedeven"><td><a href="#m14">invalidEmail2</a></td><td rowspan="1">1608232757448</td><td rowspan="1">6748</td></tr><tr class="passedeven"><td><a href="#m15">invalidEmail3</a></td><td rowspan="1">1608232776915</td><td rowspan="1">4599</td></tr><tr class="passedeven"><td><a href="#m16">invalidPassword</a></td><td rowspan="1">1608232800473</td><td rowspan="1">5590</td></tr><tr class="passedeven"><td><a href="#m17">requiredFields</a></td><td rowspan="1">1608232678941</td><td rowspan="1">7242</td></tr></tbody>
<tbody id="t3"><tr><th colspan="4">Login - OS X Catalina - Firefox 80 &#8212; failed</th></tr><tr class="failedeven"><td rowspan="1">test.LoginTest</td><td><a href="#m18">loginSuccessfully</a></td><td rowspan="1">1608232980703</td><td rowspan="1">24365</td></tr><tr><th colspan="4">Login - OS X Catalina - Firefox 80 &#8212; passed</th></tr><tr class="passedeven"><td rowspan="5">test.LoginTest</td><td><a href="#m19">invalidEmail1</a></td><td rowspan="1">1608232882430</td><td rowspan="1">3755</td></tr><tr class="passedeven"><td><a href="#m20">invalidEmail2</a></td><td rowspan="1">1608232901346</td><td rowspan="1">4005</td></tr><tr class="passedeven"><td><a href="#m21">invalidEmail3</a></td><td rowspan="1">1608232928119</td><td rowspan="1">5248</td></tr><tr class="passedeven"><td><a href="#m22">invalidPassword</a></td><td rowspan="1">1608232956673</td><td rowspan="1">4050</td></tr><tr class="passedeven"><td><a href="#m23">requiredFields</a></td><td rowspan="1">1608232862764</td><td rowspan="1">4324</td></tr></tbody>
<tbody id="t4"><tr><th colspan="4">Login - OS X Catalina - Chrome 85 &#8212; failed</th></tr><tr class="failedeven"><td rowspan="2">test.LoginTest</td><td><a href="#m24">invalidPassword</a></td><td rowspan="1">1608233086303</td><td rowspan="1">4443</td></tr><tr class="failedeven"><td><a href="#m25">loginSuccessfully</a></td><td rowspan="1">1608233102098</td><td rowspan="1">24779</td></tr><tr><th colspan="4">Login - OS X Catalina - Chrome 85 &#8212; passed</th></tr><tr class="passedeven"><td rowspan="4">test.LoginTest</td><td><a href="#m26">invalidEmail1</a></td><td rowspan="1">1608233041696</td><td rowspan="1">4104</td></tr><tr class="passedeven"><td><a href="#m27">invalidEmail2</a></td><td rowspan="1">1608233056078</td><td rowspan="1">4792</td></tr><tr class="passedeven"><td><a href="#m28">invalidEmail3</a></td><td rowspan="1">1608233070601</td><td rowspan="1">4125</td></tr><tr class="passedeven"><td><a href="#m29">requiredFields</a></td><td rowspan="1">1608233029700</td><td rowspan="1">4240</td></tr></tbody>
<tbody id="t5"><tr><th colspan="4">Login - OS X Catalina - Safari 13.1 &#8212; failed</th></tr><tr class="failedeven"><td rowspan="1">test.LoginTest</td><td><a href="#m30">loginSuccessfully</a></td><td rowspan="1">1608233245384</td><td rowspan="1">2970</td></tr><tr><th colspan="4">Login - OS X Catalina - Safari 13.1 &#8212; passed</th></tr><tr class="passedeven"><td rowspan="5">test.LoginTest</td><td><a href="#m31">invalidEmail1</a></td><td rowspan="1">1608233163039</td><td rowspan="1">2333</td></tr><tr class="passedeven"><td><a href="#m32">invalidEmail2</a></td><td rowspan="1">1608233188590</td><td rowspan="1">2157</td></tr><tr class="passedeven"><td><a href="#m33">invalidEmail3</a></td><td rowspan="1">1608233203814</td><td rowspan="1">2042</td></tr><tr class="passedeven"><td><a href="#m34">invalidPassword</a></td><td rowspan="1">1608233228181</td><td rowspan="1">2021</td></tr><tr class="passedeven"><td><a href="#m35">requiredFields</a></td><td rowspan="1">1608233146953</td><td rowspan="1">2463</td></tr></tbody>
</table>
<h2>Login - windows 10 - Chrome 84</h2><h3 id="m0">test.LoginTest#loginSuccessfully</h3><table class="result"><tr class="param"><th>Parameter #1</th><th>Parameter #2</th></tr><tr class="param stripe"><td>mr.robot@robots.com</td><td>Zenvia@2020</td></tr><tr><th colspan="2">Exception</th></tr><tr><td colspan="2"><div class="stacktrace">org.openqa.selenium.NoSuchElementException: Element not found: no such element: Unable to locate element: {&quot;method&quot;:&quot;xpath&quot;,&quot;selector&quot;:&quot;//span[contains(text(),&apos;Início&apos;)]&quot;}
  (Session info: chrome=84.0.4147.89)
  (Driver info: chromedriver=84.0.4147.30 (48b3e868b4cc0aa7e8149519690b6f6949e110a8-refs/branch-heads/4147@{#310}),platform=Windows NT 10.0.18363 x86_64) (WARNING: The server did not provide any stacktrace information)
Command duration or timeout: 20.02 seconds
For documentation on this error, please visit: http://seleniumhq.org/exceptions/no_such_element.html
Build info: version: &apos;2.53.0&apos;, revision: &apos;35ae25b&apos;, time: &apos;2016-03-15 17:00:58&apos;
System info: host: &apos;208-78-111-84&apos;, ip: &apos;208.78.111.84&apos;, os.name: &apos;windows&apos;, os.arch: &apos;x86&apos;, os.version: &apos;10.0&apos;, java.version: &apos;1.8.0_181&apos;
Driver info: org.openqa.selenium.chrome.ChromeDriver
Capabilities [{mobileEmulationEnabled=false, timeouts={implicit=0, pageLoad=300000, script=30000}, hasTouchScreen=false, platform=XP, acceptSslCerts=false, goog:chromeOptions={debuggerAddress=localhost:1787}, acceptInsecureCerts=false, webStorageEnabled=true, browserName=chrome, takesScreenshot=true, javascriptEnabled=true, setWindowRect=true, unexpectedAlertBehaviour=ignore, applicationCacheEnabled=false, rotatable=false, networkConnectionEnabled=false, chrome={chromedriverVersion=84.0.4147.30 (48b3e868b4cc0aa7e8149519690b6f6949e110a8-refs/branch-heads/4147@{#310}), userDataDir=C:\Windows\proxy\scoped_dir9948_1968941234}, takesHeapSnapshot=true, pageLoadStrategy=normal, strictFileInteractability=false, databaseEnabled=false, handlesAlerts=true, version=84.0.4147.89, browserConnectionEnabled=false, proxy={}, nativeEvents=true, locationContextEnabled=true, cssSelectorsEnabled=true, webauthn:virtualAuthenticators=true}]
Session ID: 1ed67c9ab30e1c3df1000949bc54d815
*** Element info: {Using=xpath, value=//span[contains(text(),&apos;Início&apos;)]}
Command duration or timeout: 0 milliseconds
For documentation on this error, please visit: https://www.seleniumhq.org/exceptions/no_such_element.html
Build info: version: &apos;3.141.59&apos;, revision: &apos;e82be7d358&apos;, time: &apos;2018-11-14T08:17:03&apos;
System info: host: &apos;zenvia-001965&apos;, ip: &apos;127.0.1.1&apos;, os.name: &apos;Linux&apos;, os.arch: &apos;amd64&apos;, os.version: &apos;5.4.0-58-generic&apos;, java.version: &apos;11.0.9.1&apos;
Driver info: driver.version: unknown
	at core.BasePage.getValue(BasePage.java:81)
	at test.LoginTest.loginSuccessfully(LoginTest.java:92)
	at java.base/java.util.ArrayList.forEach(ArrayList.java:1541)
... Removed 31 stack frames</div></td></tr></table><p class="totop"><a href="#summary">back to summary</a></p>
<h3 id="m1">test.LoginTest#invalidEmail1</h3><table class="result"><tr class="param"><th>Parameter #1</th><th>Parameter #2</th></tr><tr class="param stripe"><td>dasdasdasdasd</td><td></td></tr></table><p class="totop"><a href="#summary">back to summary</a></p>
<h3 id="m2">test.LoginTest#invalidEmail2</h3><table class="result"><tr class="param"><th>Parameter #1</th><th>Parameter #2</th></tr><tr class="param stripe"><td>mr.robot@</td><td>Zenvia@2020</td></tr></table><p class="totop"><a href="#summary">back to summary</a></p>
<h3 id="m3">test.LoginTest#invalidEmail3</h3><table class="result"><tr class="param"><th>Parameter #1</th><th>Parameter #2</th></tr><tr class="param stripe"><td>mr.robot@gmail</td><td>Zenvia@2020</td></tr></table><p class="totop"><a href="#summary">back to summary</a></p>
<h3 id="m4">test.LoginTest#invalidPassword</h3><table class="result"><tr class="param"><th>Parameter #1</th><th>Parameter #2</th></tr><tr class="param stripe"><td>mr.robot@robot.com</td><td>abcde12345</td></tr></table><p class="totop"><a href="#summary">back to summary</a></p>
<h3 id="m5">test.LoginTest#requiredFields</h3><table class="result"><tr class="param"><th>Parameter #1</th><th>Parameter #2</th></tr><tr class="param stripe"><td></td><td></td></tr></table><p class="totop"><a href="#summary">back to summary</a></p>
<h2>Login - windows 10 - Firefox 80</h2><h3 id="m6">test.LoginTest#loginSuccessfully</h3><table class="result"><tr class="param"><th>Parameter #1</th><th>Parameter #2</th></tr><tr class="param stripe"><td>mr.robot@robots.com</td><td>Zenvia@2020</td></tr><tr><th colspan="2">Exception</th></tr><tr><td colspan="2"><div class="stacktrace">org.openqa.selenium.NoSuchElementException: Element not found: Unable to locate element: //span[contains(text(),&apos;Início&apos;)]
For documentation on this error, please visit: https://www.seleniumhq.org/exceptions/no_such_element.html
Build info: version: &apos;3.141.59&apos;, revision: &apos;e82be7d358&apos;, time: &apos;2018-11-14T08:17:03&apos;
System info: host: &apos;zenvia-001965&apos;, ip: &apos;127.0.1.1&apos;, os.name: &apos;Linux&apos;, os.arch: &apos;amd64&apos;, os.version: &apos;5.4.0-58-generic&apos;, java.version: &apos;11.0.9.1&apos;
Driver info: org.openqa.selenium.remote.RemoteWebDriver
Capabilities {acceptInsecureCerts: true, browserName: firefox, browserVersion: 80.0, javascriptEnabled: true, moz:accessibilityChecks: false, moz:buildID: 20200818235255, moz:geckodriverVersion: 0.27.0, moz:headless: false, moz:processID: 8776, moz:profile: C:\Windows\proxy\rust_mozpr..., moz:shutdownTimeout: 60000, moz:useNonSpecCompliantPointerOrigin: false, moz:webdriverClick: true, pageLoadStrategy: normal, platform: WINDOWS, platformName: WINDOWS, platformVersion: 10.0, rotatable: false, setWindowRect: true, strictFileInteractability: false, timeouts: {implicit: 0, pageLoad: 300000, script: 30000}, unhandledPromptBehavior: dismiss and notify, webdriver.remote.sessionid: 1653c0bcfe7fe1e42580abafbf1...}
Session ID: 1653c0bcfe7fe1e42580abafbf197b8a3deaac83
*** Element info: {Using=xpath, value=//span[contains(text(),&apos;Início&apos;)]}
For documentation on this error, please visit: https://www.seleniumhq.org/exceptions/no_such_element.html
Build info: version: &apos;3.141.59&apos;, revision: &apos;e82be7d358&apos;, time: &apos;2018-11-14T08:17:03&apos;
System info: host: &apos;zenvia-001965&apos;, ip: &apos;127.0.1.1&apos;, os.name: &apos;Linux&apos;, os.arch: &apos;amd64&apos;, os.version: &apos;5.4.0-58-generic&apos;, java.version: &apos;11.0.9.1&apos;
Driver info: driver.version: unknown
	at core.BasePage.getValue(BasePage.java:81)
	at test.LoginTest.loginSuccessfully(LoginTest.java:92)
	at java.base/java.util.ArrayList.forEach(ArrayList.java:1541)
... Removed 31 stack frames</div></td></tr></table><p class="totop"><a href="#summary">back to summary</a></p>
<h3 id="m7">test.LoginTest#invalidEmail1</h3><table class="result"><tr class="param"><th>Parameter #1</th><th>Parameter #2</th></tr><tr class="param stripe"><td>dasdasdasdasd</td><td></td></tr></table><p class="totop"><a href="#summary">back to summary</a></p>
<h3 id="m8">test.LoginTest#invalidEmail2</h3><table class="result"><tr class="param"><th>Parameter #1</th><th>Parameter #2</th></tr><tr class="param stripe"><td>mr.robot@</td><td>Zenvia@2020</td></tr></table><p class="totop"><a href="#summary">back to summary</a></p>
<h3 id="m9">test.LoginTest#invalidEmail3</h3><table class="result"><tr class="param"><th>Parameter #1</th><th>Parameter #2</th></tr><tr class="param stripe"><td>mr.robot@gmail</td><td>Zenvia@2020</td></tr></table><p class="totop"><a href="#summary">back to summary</a></p>
<h3 id="m10">test.LoginTest#invalidPassword</h3><table class="result"><tr class="param"><th>Parameter #1</th><th>Parameter #2</th></tr><tr class="param stripe"><td>mr.robot@robot.com</td><td>abcde12345</td></tr></table><p class="totop"><a href="#summary">back to summary</a></p>
<h3 id="m11">test.LoginTest#requiredFields</h3><table class="result"><tr class="param"><th>Parameter #1</th><th>Parameter #2</th></tr><tr class="param stripe"><td></td><td></td></tr></table><p class="totop"><a href="#summary">back to summary</a></p>
<h2>Login - windows 10 - Edge 85</h2><h3 id="m12">test.LoginTest#loginSuccessfully</h3><table class="result"><tr class="param"><th>Parameter #1</th><th>Parameter #2</th></tr><tr class="param stripe"><td>mr.robot@robots.com</td><td>Zenvia@2020</td></tr><tr><th colspan="2">Exception</th></tr><tr><td colspan="2"><div class="stacktrace">org.openqa.selenium.NoSuchElementException: Element not found: no such element: Unable to locate element: {&quot;method&quot;:&quot;xpath&quot;,&quot;selector&quot;:&quot;//span[contains(text(),&apos;Início&apos;)]&quot;}
  (Session info: MicrosoftEdge=85.0.564.41)
For documentation on this error, please visit: https://www.seleniumhq.org/exceptions/no_such_element.html
Build info: version: &apos;3.141.59&apos;, revision: &apos;e82be7d358&apos;, time: &apos;2018-11-14T08:25:53&apos;
System info: host: &apos;199-7-165-23&apos;, ip: &apos;199.7.165.23&apos;, os.name: &apos;windows&apos;, os.arch: &apos;x86&apos;, os.version: &apos;10.0&apos;, java.version: &apos;1.8.0_181&apos;
Driver info: driver.version: unknown
Command duration or timeout: 0 milliseconds
For documentation on this error, please visit: https://www.seleniumhq.org/exceptions/no_such_element.html
Build info: version: &apos;3.141.59&apos;, revision: &apos;e82be7d358&apos;, time: &apos;2018-11-14T08:17:03&apos;
System info: host: &apos;zenvia-001965&apos;, ip: &apos;127.0.1.1&apos;, os.name: &apos;Linux&apos;, os.arch: &apos;amd64&apos;, os.version: &apos;5.4.0-58-generic&apos;, java.version: &apos;11.0.9.1&apos;
Driver info: driver.version: unknown
	at core.BasePage.getValue(BasePage.java:81)
	at test.LoginTest.loginSuccessfully(LoginTest.java:92)
	at java.base/java.util.ArrayList.forEach(ArrayList.java:1541)
... Removed 31 stack frames</div></td></tr></table><p class="totop"><a href="#summary">back to summary</a></p>
<h3 id="m13">test.LoginTest#invalidEmail1</h3><table class="result"><tr class="param"><th>Parameter #1</th><th>Parameter #2</th></tr><tr class="param stripe"><td>dasdasdasdasd</td><td></td></tr></table><p class="totop"><a href="#summary">back to summary</a></p>
<h3 id="m14">test.LoginTest#invalidEmail2</h3><table class="result"><tr class="param"><th>Parameter #1</th><th>Parameter #2</th></tr><tr class="param stripe"><td>mr.robot@</td><td>Zenvia@2020</td></tr></table><p class="totop"><a href="#summary">back to summary</a></p>
<h3 id="m15">test.LoginTest#invalidEmail3</h3><table class="result"><tr class="param"><th>Parameter #1</th><th>Parameter #2</th></tr><tr class="param stripe"><td>mr.robot@gmail</td><td>Zenvia@2020</td></tr></table><p class="totop"><a href="#summary">back to summary</a></p>
<h3 id="m16">test.LoginTest#invalidPassword</h3><table class="result"><tr class="param"><th>Parameter #1</th><th>Parameter #2</th></tr><tr class="param stripe"><td>mr.robot@robot.com</td><td>abcde12345</td></tr></table><p class="totop"><a href="#summary">back to summary</a></p>
<h3 id="m17">test.LoginTest#requiredFields</h3><table class="result"><tr class="param"><th>Parameter #1</th><th>Parameter #2</th></tr><tr class="param stripe"><td></td><td></td></tr></table><p class="totop"><a href="#summary">back to summary</a></p>
<h2>Login - OS X Catalina - Firefox 80</h2><h3 id="m18">test.LoginTest#loginSuccessfully</h3><table class="result"><tr class="param"><th>Parameter #1</th><th>Parameter #2</th></tr><tr class="param stripe"><td>mr.robot@robots.com</td><td>Zenvia@2020</td></tr><tr><th colspan="2">Exception</th></tr><tr><td colspan="2"><div class="stacktrace">org.openqa.selenium.NoSuchElementException: Element not found: Unable to locate element: //span[contains(text(),&apos;Início&apos;)]
For documentation on this error, please visit: https://www.seleniumhq.org/exceptions/no_such_element.html
Build info: version: &apos;3.141.59&apos;, revision: &apos;e82be7d358&apos;, time: &apos;2018-11-14T08:17:03&apos;
System info: host: &apos;zenvia-001965&apos;, ip: &apos;127.0.1.1&apos;, os.name: &apos;Linux&apos;, os.arch: &apos;amd64&apos;, os.version: &apos;5.4.0-58-generic&apos;, java.version: &apos;11.0.9.1&apos;
Driver info: org.openqa.selenium.remote.RemoteWebDriver
Capabilities {acceptInsecureCerts: true, browserName: firefox, browserVersion: 80.0, javascriptEnabled: true, moz:accessibilityChecks: false, moz:buildID: 20200818235255, moz:geckodriverVersion: 0.27.0, moz:headless: false, moz:processID: 41894, moz:profile: /var/folders/3y/zz_w6_s56sl..., moz:shutdownTimeout: 60000, moz:useNonSpecCompliantPointerOrigin: false, moz:webdriverClick: true, pageLoadStrategy: normal, platform: MAC, platformName: MAC, platformVersion: 19.6.0, rotatable: false, setWindowRect: true, strictFileInteractability: false, timeouts: {implicit: 0, pageLoad: 300000, script: 30000}, unhandledPromptBehavior: dismiss and notify, webdriver.remote.sessionid: a7934c1df2e5d87485e87fc8a37...}
Session ID: a7934c1df2e5d87485e87fc8a37edc1c5c467b2a
*** Element info: {Using=xpath, value=//span[contains(text(),&apos;Início&apos;)]}
For documentation on this error, please visit: https://www.seleniumhq.org/exceptions/no_such_element.html
Build info: version: &apos;3.141.59&apos;, revision: &apos;e82be7d358&apos;, time: &apos;2018-11-14T08:17:03&apos;
System info: host: &apos;zenvia-001965&apos;, ip: &apos;127.0.1.1&apos;, os.name: &apos;Linux&apos;, os.arch: &apos;amd64&apos;, os.version: &apos;5.4.0-58-generic&apos;, java.version: &apos;11.0.9.1&apos;
Driver info: driver.version: unknown
	at core.BasePage.getValue(BasePage.java:81)
	at test.LoginTest.loginSuccessfully(LoginTest.java:92)
	at java.base/java.util.ArrayList.forEach(ArrayList.java:1541)
... Removed 31 stack frames</div></td></tr></table><p class="totop"><a href="#summary">back to summary</a></p>
<h3 id="m19">test.LoginTest#invalidEmail1</h3><table class="result"><tr class="param"><th>Parameter #1</th><th>Parameter #2</th></tr><tr class="param stripe"><td>dasdasdasdasd</td><td></td></tr></table><p class="totop"><a href="#summary">back to summary</a></p>
<h3 id="m20">test.LoginTest#invalidEmail2</h3><table class="result"><tr class="param"><th>Parameter #1</th><th>Parameter #2</th></tr><tr class="param stripe"><td>mr.robot@</td><td>Zenvia@2020</td></tr></table><p class="totop"><a href="#summary">back to summary</a></p>
<h3 id="m21">test.LoginTest#invalidEmail3</h3><table class="result"><tr class="param"><th>Parameter #1</th><th>Parameter #2</th></tr><tr class="param stripe"><td>mr.robot@gmail</td><td>Zenvia@2020</td></tr></table><p class="totop"><a href="#summary">back to summary</a></p>
<h3 id="m22">test.LoginTest#invalidPassword</h3><table class="result"><tr class="param"><th>Parameter #1</th><th>Parameter #2</th></tr><tr class="param stripe"><td>mr.robot@robot.com</td><td>abcde12345</td></tr></table><p class="totop"><a href="#summary">back to summary</a></p>
<h3 id="m23">test.LoginTest#requiredFields</h3><table class="result"><tr class="param"><th>Parameter #1</th><th>Parameter #2</th></tr><tr class="param stripe"><td></td><td></td></tr></table><p class="totop"><a href="#summary">back to summary</a></p>
<h2>Login - OS X Catalina - Chrome 85</h2><h3 id="m24">test.LoginTest#invalidPassword</h3><table class="result"><tr class="param"><th>Parameter #1</th><th>Parameter #2</th></tr><tr class="param stripe"><td>mr.robot@robot.com</td><td>abcde12345</td></tr><tr><th colspan="2">Exception</th></tr><tr><td colspan="2"><div class="stacktrace">java.lang.AssertionError: expected [Wrong email or password.] but found []
	at test.LoginTest.invalidPassword(LoginTest.java:85)
	at java.base/java.util.ArrayList.forEach(ArrayList.java:1541)
... Removed 36 stack frames</div></td></tr></table><p class="totop"><a href="#summary">back to summary</a></p>
<h3 id="m25">test.LoginTest#loginSuccessfully</h3><table class="result"><tr class="param"><th>Parameter #1</th><th>Parameter #2</th></tr><tr class="param stripe"><td>mr.robot@robots.com</td><td>Zenvia@2020</td></tr><tr><th colspan="2">Exception</th></tr><tr><td colspan="2"><div class="stacktrace">org.openqa.selenium.NoSuchElementException: Element not found: no such element: Unable to locate element: {&quot;method&quot;:&quot;xpath&quot;,&quot;selector&quot;:&quot;//span[contains(text(),&apos;Início&apos;)]&quot;}
  (Session info: chrome=85.0.4183.83)
  (Driver info: chromedriver=85.0.4183.38 (9047dbc2c693f044042bbec5c91401c708c7c26a-refs/branch-heads/4183@{#779}),platform=Mac OS X 10.15.6 x86_64) (WARNING: The server did not provide any stacktrace information)
Command duration or timeout: 20.18 seconds
For documentation on this error, please visit: http://seleniumhq.org/exceptions/no_such_element.html
Build info: version: &apos;2.53.0&apos;, revision: &apos;35ae25b&apos;, time: &apos;2016-03-15 17:00:58&apos;
System info: host: &apos;mac-208-52-145-214.browserstack.com&apos;, ip: &apos;208.52.145.214&apos;, os.name: &apos;Mac OS X&apos;, os.arch: &apos;x86_64&apos;, os.version: &apos;10.15.6&apos;, java.version: &apos;1.8.0_51&apos;
Driver info: org.openqa.selenium.chrome.ChromeDriver
Capabilities [{mobileEmulationEnabled=false, timeouts={implicit=0, pageLoad=300000, script=30000}, hasTouchScreen=false, platform=MAC, acceptSslCerts=false, goog:chromeOptions={debuggerAddress=localhost:62112}, acceptInsecureCerts=false, webStorageEnabled=true, browserName=chrome, takesScreenshot=true, javascriptEnabled=true, setWindowRect=true, unexpectedAlertBehaviour=ignore, applicationCacheEnabled=false, rotatable=false, networkConnectionEnabled=false, chrome={chromedriverVersion=85.0.4183.38 (9047dbc2c693f044042bbec5c91401c708c7c26a-refs/branch-heads/4183@{#779}), userDataDir=/var/folders/3y/zz_w6_s56sl__vcrf3r5bhzr0000hr/T/.com.google.Chrome.tNrLEv}, takesHeapSnapshot=true, pageLoadStrategy=normal, strictFileInteractability=false, databaseEnabled=false, handlesAlerts=true, version=85.0.4183.83, browserConnectionEnabled=false, proxy={}, nativeEvents=true, locationContextEnabled=true, cssSelectorsEnabled=true, webauthn:virtualAuthenticators=true}]
Session ID: 95fc96520efee92b0a2e555c8bdbb6f2
*** Element info: {Using=xpath, value=//span[contains(text(),&apos;Início&apos;)]}
Command duration or timeout: 0 milliseconds
For documentation on this error, please visit: https://www.seleniumhq.org/exceptions/no_such_element.html
Build info: version: &apos;3.141.59&apos;, revision: &apos;e82be7d358&apos;, time: &apos;2018-11-14T08:17:03&apos;
System info: host: &apos;zenvia-001965&apos;, ip: &apos;127.0.1.1&apos;, os.name: &apos;Linux&apos;, os.arch: &apos;amd64&apos;, os.version: &apos;5.4.0-58-generic&apos;, java.version: &apos;11.0.9.1&apos;
Driver info: driver.version: unknown
	at core.BasePage.getValue(BasePage.java:81)
	at test.LoginTest.loginSuccessfully(LoginTest.java:92)
	at java.base/java.util.ArrayList.forEach(ArrayList.java:1541)
... Removed 31 stack frames</div></td></tr></table><p class="totop"><a href="#summary">back to summary</a></p>
<h3 id="m26">test.LoginTest#invalidEmail1</h3><table class="result"><tr class="param"><th>Parameter #1</th><th>Parameter #2</th></tr><tr class="param stripe"><td>dasdasdasdasd</td><td></td></tr></table><p class="totop"><a href="#summary">back to summary</a></p>
<h3 id="m27">test.LoginTest#invalidEmail2</h3><table class="result"><tr class="param"><th>Parameter #1</th><th>Parameter #2</th></tr><tr class="param stripe"><td>mr.robot@</td><td>Zenvia@2020</td></tr></table><p class="totop"><a href="#summary">back to summary</a></p>
<h3 id="m28">test.LoginTest#invalidEmail3</h3><table class="result"><tr class="param"><th>Parameter #1</th><th>Parameter #2</th></tr><tr class="param stripe"><td>mr.robot@gmail</td><td>Zenvia@2020</td></tr></table><p class="totop"><a href="#summary">back to summary</a></p>
<h3 id="m29">test.LoginTest#requiredFields</h3><table class="result"><tr class="param"><th>Parameter #1</th><th>Parameter #2</th></tr><tr class="param stripe"><td></td><td></td></tr></table><p class="totop"><a href="#summary">back to summary</a></p>
<h2>Login - OS X Catalina - Safari 13.1</h2><h3 id="m30">test.LoginTest#loginSuccessfully</h3><table class="result"><tr class="param"><th>Parameter #1</th><th>Parameter #2</th></tr><tr class="param stripe"><td>mr.robot@robots.com</td><td>Zenvia@2020</td></tr><tr><th colspan="2">Exception</th></tr><tr><td colspan="2"><div class="stacktrace">org.openqa.selenium.NoSuchElementException: Element not found: 
Build info: version: &apos;3.141.59&apos;, revision: &apos;e82be7d358&apos;, time: &apos;2018-11-14T08:17:03&apos;
System info: host: &apos;zenvia-001965&apos;, ip: &apos;127.0.1.1&apos;, os.name: &apos;Linux&apos;, os.arch: &apos;amd64&apos;, os.version: &apos;5.4.0-58-generic&apos;, java.version: &apos;11.0.9.1&apos;
Driver info: org.openqa.selenium.remote.RemoteWebDriver
Capabilities {acceptInsecureCerts: false, browserName: Safari, browserVersion: 13.1.2, javascriptEnabled: true, platform: MAC, platformName: MAC, safari:automaticInspection: false, safari:automaticProfiling: false, safari:diagnose: false, safari:platformBuildVersion: 19G2021, safari:platformVersion: 10.15.6, safari:useSimulator: false, setWindowRect: true, strictFileInteractability: false, webdriver.remote.sessionid: 3fdf8a6accdcd11d693ab98a6ba..., webkit:WebRTC: {DisableICECandidateFiltering: false, DisableInsecureMediaCapture: false}}
Session ID: 3fdf8a6accdcd11d693ab98a6ba67aa680bc685d
*** Element info: {Using=xpath, value=//span[contains(text(),&apos;Início&apos;)]}
For documentation on this error, please visit: https://www.seleniumhq.org/exceptions/no_such_element.html
Build info: version: &apos;3.141.59&apos;, revision: &apos;e82be7d358&apos;, time: &apos;2018-11-14T08:17:03&apos;
System info: host: &apos;zenvia-001965&apos;, ip: &apos;127.0.1.1&apos;, os.name: &apos;Linux&apos;, os.arch: &apos;amd64&apos;, os.version: &apos;5.4.0-58-generic&apos;, java.version: &apos;11.0.9.1&apos;
Driver info: driver.version: unknown
	at core.BasePage.getValue(BasePage.java:81)
	at test.LoginTest.loginSuccessfully(LoginTest.java:92)
	at java.base/java.util.ArrayList.forEach(ArrayList.java:1541)
... Removed 31 stack frames</div></td></tr></table><p class="totop"><a href="#summary">back to summary</a></p>
<h3 id="m31">test.LoginTest#invalidEmail1</h3><table class="result"><tr class="param"><th>Parameter #1</th><th>Parameter #2</th></tr><tr class="param stripe"><td>dasdasdasdasd</td><td></td></tr></table><p class="totop"><a href="#summary">back to summary</a></p>
<h3 id="m32">test.LoginTest#invalidEmail2</h3><table class="result"><tr class="param"><th>Parameter #1</th><th>Parameter #2</th></tr><tr class="param stripe"><td>mr.robot@</td><td>Zenvia@2020</td></tr></table><p class="totop"><a href="#summary">back to summary</a></p>
<h3 id="m33">test.LoginTest#invalidEmail3</h3><table class="result"><tr class="param"><th>Parameter #1</th><th>Parameter #2</th></tr><tr class="param stripe"><td>mr.robot@gmail</td><td>Zenvia@2020</td></tr></table><p class="totop"><a href="#summary">back to summary</a></p>
<h3 id="m34">test.LoginTest#invalidPassword</h3><table class="result"><tr class="param"><th>Parameter #1</th><th>Parameter #2</th></tr><tr class="param stripe"><td>mr.robot@robot.com</td><td>abcde12345</td></tr></table><p class="totop"><a href="#summary">back to summary</a></p>
<h3 id="m35">test.LoginTest#requiredFields</h3><table class="result"><tr class="param"><th>Parameter #1</th><th>Parameter #2</th></tr><tr class="param stripe"><td></td><td></td></tr></table><p class="totop"><a href="#summary">back to summary</a></p>
</body>
</html>
