<?xml version="1.0" encoding="UTF-8"?>
<testsuite xmlns:xsi="http://www.w3.org/2001/XMLSchema-instance" xsi:noNamespaceSchemaLocation="https://maven.apache.org/surefire/maven-surefire-plugin/xsd/surefire-test-report-3.0.xsd" version="3.0" name="TestSuite" time="1,010.57" tests="36" errors="0" skipped="0" failures="7">
  <properties>
[...]
</properties>
  <testcase name="requiredFields[, ](1)" classname="test.LoginTest" time="16.617">
    <system-out><![CDATA[Directory already exists: /home/anderson.mann/git/cloud-web-automation-test/web-desktop-automated-test/TestReport
*** Test Suite Login - windows 10 - Chrome 84 started ***
*** Running test method requiredFields...
*** Executed requiredFields test successfully...
]]></system-out>
    <system-err><![CDATA[Dec 17, 2020 4:10:53 PM org.openqa.selenium.remote.ProtocolHandshake createSession
INFO: Detected dialect: OSS
]]></system-err>
  </testcase>
  <testcase name="requiredFields[, ](1)" classname="test.LoginTest" time="7.412">
    <system-out><![CDATA[*** Test Suite Login - windows 10 - Chrome 84 ending ***
*** Test Suite Login - windows 10 - Firefox 80 started ***
*** Running test method requiredFields...
*** Executed requiredFields test successfully...
]]></system-out>
    <system-err><![CDATA[Dec 17, 2020 4:14:22 PM org.openqa.selenium.remote.ProtocolHandshake createSession
INFO: Detected dialect: W3C
]]></system-err>
  </testcase>
  <testcase name="requiredFields[, ](1)" classname="test.LoginTest" time="8.38">
    <system-out><![CDATA[*** Test Suite Login - windows 10 - Firefox 80 ending ***
*** Test Suite Login - windows 10 - Edge 85 started ***
*** Running test method requiredFields...
*** Executed requiredFields test successfully...
]]></system-out>
    <system-err><![CDATA[Dec 17, 2020 4:17:53 PM org.openqa.selenium.remote.ProtocolHandshake createSession
INFO: Detected dialect: OSS
]]></system-err>
  </testcase>
  <testcase name="requiredFields[, ](1)" classname="test.LoginTest" time="5.103">
    <system-out><![CDATA[*** Test Suite Login - windows 10 - Edge 85 ending ***
*** Test Suite Login - OS X Catalina - Firefox 80 started ***
*** Running test method requiredFields...
*** Executed requiredFields test successfully...
]]></system-out>
    <system-err><![CDATA[Dec 17, 2020 4:20:59 PM org.openqa.selenium.remote.ProtocolHandshake createSession
INFO: Detected dialect: W3C
]]></system-err>
  </testcase>
  <testcase name="requiredFields[, ](1)" classname="test.LoginTest" time="5.317">
    <system-out><![CDATA[*** Test Suite Login - OS X Catalina - Firefox 80 ending ***
*** Test Suite Login - OS X Catalina - Chrome 85 started ***
*** Running test method requiredFields...
*** Executed requiredFields test successfully...
]]></system-out>
    <system-err><![CDATA[Dec 17, 2020 4:23:44 PM org.openqa.selenium.remote.ProtocolHandshake createSession
INFO: Detected dialect: OSS
]]></system-err>
  </testcase>
  <testcase name="requiredFields[, ](1)" classname="test.LoginTest" time="3.21">
    <system-out><![CDATA[*** Test Suite Login - OS X Catalina - Chrome 85 ending ***
*** Test Suite Login - OS X Catalina - Safari 13.1 started ***
*** Running test method requiredFields...
*** Executed requiredFields test successfully...
]]></system-out>
    <system-err><![CDATA[Dec 17, 2020 4:25:38 PM org.openqa.selenium.remote.ProtocolHandshake createSession
INFO: Detected dialect: W3C
]]></system-err>
  </testcase>
  <testcase name="invalidEmail1[dasdasdasdasd, ](1)" classname="test.LoginTest" time="8.184">
    <system-out><![CDATA[*** Running test method invalidEmail1...
*** Executed invalidEmail1 test successfully...
]]></system-out>
    <system-err><![CDATA[Dec 17, 2020 4:11:24 PM org.openqa.selenium.remote.ProtocolHandshake createSession
INFO: Detected dialect: OSS
]]></system-err>
  </testcase>
  <testcase name="invalidEmail1[dasdasdasdasd, ](1)" classname="test.LoginTest" time="5.581">
    <system-out><![CDATA[*** Running test method invalidEmail1...
*** Executed invalidEmail1 test successfully...
]]></system-out>
    <system-err><![CDATA[Dec 17, 2020 4:14:56 PM org.openqa.selenium.remote.ProtocolHandshake createSession
INFO: Detected dialect: W3C
]]></system-err>
  </testcase>
  <testcase name="invalidEmail1[dasdasdasdasd, ](1)" classname="test.LoginTest" time="8.101">
    <system-out><![CDATA[*** Running test method invalidEmail1...
*** Executed invalidEmail1 test successfully...
]]></system-out>
    <system-err><![CDATA[Dec 17, 2020 4:18:39 PM org.openqa.selenium.remote.ProtocolHandshake createSession
INFO: Detected dialect: OSS
]]></system-err>
  </testcase>
  <testcase name="invalidEmail1[dasdasdasdasd, ](1)" classname="test.LoginTest" time="4.55">
    <system-out><![CDATA[*** Running test method invalidEmail1...
*** Executed invalidEmail1 test successfully...
]]></system-out>
    <system-err><![CDATA[Dec 17, 2020 4:21:18 PM org.openqa.selenium.remote.ProtocolHandshake createSession
INFO: Detected dialect: W3C
]]></system-err>
  </testcase>
  <testcase name="invalidEmail1[dasdasdasdasd, ](1)" classname="test.LoginTest" time="5.415">
    <system-out><![CDATA[*** Running test method invalidEmail1...
*** Executed invalidEmail1 test successfully...
]]></system-out>
    <system-err><![CDATA[Dec 17, 2020 4:23:59 PM org.openqa.selenium.remote.ProtocolHandshake createSession
INFO: Detected dialect: OSS
]]></system-err>
  </testcase>
  <testcase name="invalidEmail1[dasdasdasdasd, ](1)" classname="test.LoginTest" time="3.221">
    <system-out><![CDATA[*** Running test method invalidEmail1...
*** Executed invalidEmail1 test successfully...
]]></system-out>
    <system-err><![CDATA[Dec 17, 2020 4:25:54 PM org.openqa.selenium.remote.ProtocolHandshake createSession
INFO: Detected dialect: W3C
]]></system-err>
  </testcase>
  <testcase name="invalidEmail2[mr.robot@, Zenvia@2020](1)" classname="test.LoginTest" time="10.568">
    <system-out><![CDATA[*** Running test method invalidEmail2...
*** Executed invalidEmail2 test successfully...
]]></system-out>
    <system-err><![CDATA[Dec 17, 2020 4:11:53 PM org.openqa.selenium.remote.ProtocolHandshake createSession
INFO: Detected dialect: OSS
]]></system-err>
  </testcase>
  <testcase name="invalidEmail2[mr.robot@, Zenvia@2020](1)" classname="test.LoginTest" time="5.481">
    <system-out><![CDATA[*** Running test method invalidEmail2...
*** Executed invalidEmail2 test successfully...
]]></system-out>
    <system-err><![CDATA[Dec 17, 2020 4:15:23 PM org.openqa.selenium.remote.ProtocolHandshake createSession
INFO: Detected dialect: W3C
]]></system-err>
  </testcase>
  <testcase name="invalidEmail2[mr.robot@, Zenvia@2020](1)" classname="test.LoginTest" time="7.947">
    <system-out><![CDATA[*** Running test method invalidEmail2...
*** Executed invalidEmail2 test successfully...
]]></system-out>
    <system-err><![CDATA[Dec 17, 2020 4:19:11 PM org.openqa.selenium.remote.ProtocolHandshake createSession
INFO: Detected dialect: OSS
]]></system-err>
  </testcase>
  <testcase name="invalidEmail2[mr.robot@, Zenvia@2020](1)" classname="test.LoginTest" time="4.75">
    <system-out><![CDATA[*** Running test method invalidEmail2...
*** Executed invalidEmail2 test successfully...
]]></system-out>
    <system-err><![CDATA[Dec 17, 2020 4:21:37 PM org.openqa.selenium.remote.ProtocolHandshake createSession
INFO: Detected dialect: W3C
]]></system-err>
  </testcase>
  <testcase name="invalidEmail2[mr.robot@, Zenvia@2020](1)" classname="test.LoginTest" time="5.97">
    <system-out><![CDATA[*** Running test method invalidEmail2...
*** Executed invalidEmail2 test successfully...
]]></system-out>
    <system-err><![CDATA[Dec 17, 2020 4:24:11 PM org.openqa.selenium.remote.ProtocolHandshake createSession
INFO: Detected dialect: OSS
]]></system-err>
  </testcase>
  <testcase name="invalidEmail2[mr.robot@, Zenvia@2020](1)" classname="test.LoginTest" time="2.877">
    <system-out><![CDATA[*** Running test method invalidEmail2...
*** Executed invalidEmail2 test successfully...
]]></system-out>
    <system-err><![CDATA[Dec 17, 2020 4:26:20 PM org.openqa.selenium.remote.ProtocolHandshake createSession
INFO: Detected dialect: W3C
]]></system-err>
  </testcase>
  <testcase name="invalidEmail3[mr.robot@gmail, Zenvia@2020](1)" classname="test.LoginTest" time="8.404">
    <system-out><![CDATA[*** Running test method invalidEmail3...
*** Executed invalidEmail3 test successfully...
]]></system-out>
    <system-err><![CDATA[Dec 17, 2020 4:12:21 PM org.openqa.selenium.remote.ProtocolHandshake createSession
INFO: Detected dialect: OSS
]]></system-err>
  </testcase>
  <testcase name="invalidEmail3[mr.robot@gmail, Zenvia@2020](1)" classname="test.LoginTest" time="5.406">
    <system-out><![CDATA[*** Running test method invalidEmail3...
*** Executed invalidEmail3 test successfully...
]]></system-out>
    <system-err><![CDATA[Dec 17, 2020 4:15:56 PM org.openqa.selenium.remote.ProtocolHandshake createSession
INFO: Detected dialect: W3C
]]></system-err>
  </testcase>
  <testcase name="invalidEmail3[mr.robot@gmail, Zenvia@2020](1)" classname="test.LoginTest" time="5.824">
    <system-out><![CDATA[*** Running test method invalidEmail3...
*** Executed invalidEmail3 test successfully...
]]></system-out>
    <system-err><![CDATA[Dec 17, 2020 4:19:33 PM org.openqa.selenium.remote.ProtocolHandshake createSession
INFO: Detected dialect: OSS
]]></system-err>
  </testcase>
  <testcase name="invalidEmail3[mr.robot@gmail, Zenvia@2020](1)" classname="test.LoginTest" time="6.74">
    <system-out><![CDATA[*** Running test method invalidEmail3...
*** Executed invalidEmail3 test successfully...
]]></system-out>
    <system-err><![CDATA[Dec 17, 2020 4:22:04 PM org.openqa.selenium.remote.ProtocolHandshake createSession
INFO: Detected dialect: W3C
]]></system-err>
  </testcase>
  <testcase name="invalidEmail3[mr.robot@gmail, Zenvia@2020](1)" classname="test.LoginTest" time="5.476">
    <system-out><![CDATA[*** Running test method invalidEmail3...
*** Executed invalidEmail3 test successfully...
]]></system-out>
    <system-err><![CDATA[Dec 17, 2020 4:24:28 PM org.openqa.selenium.remote.ProtocolHandshake createSession
INFO: Detected dialect: OSS
]]></system-err>
  </testcase>
  <testcase name="invalidEmail3[mr.robot@gmail, Zenvia@2020](1)" classname="test.LoginTest" time="2.837">
    <system-out><![CDATA[*** Running test method invalidEmail3...
*** Executed invalidEmail3 test successfully...
]]></system-out>
    <system-err><![CDATA[Dec 17, 2020 4:26:35 PM org.openqa.selenium.remote.ProtocolHandshake createSession
INFO: Detected dialect: W3C
]]></system-err>
  </testcase>
  <testcase name="invalidPassword[mr.robot@robot.com, abcde12345](1)" classname="test.LoginTest" time="10.692">
    <system-out><![CDATA[*** Running test method invalidPassword...
*** Executed invalidPassword test successfully...
]]></system-out>
    <system-err><![CDATA[Dec 17, 2020 4:12:47 PM org.openqa.selenium.remote.ProtocolHandshake createSession
INFO: Detected dialect: OSS
]]></system-err>
  </testcase>
  <testcase name="invalidPassword[mr.robot@robot.com, abcde12345](1)" classname="test.LoginTest" time="5.57">
    <system-out><![CDATA[*** Running test method invalidPassword...
*** Executed invalidPassword test successfully...
]]></system-out>
    <system-err><![CDATA[Dec 17, 2020 4:16:18 PM org.openqa.selenium.remote.ProtocolHandshake createSession
INFO: Detected dialect: W3C
]]></system-err>
  </testcase>
  <testcase name="invalidPassword[mr.robot@robot.com, abcde12345](1)" classname="test.LoginTest" time="6.79">
    <system-out><![CDATA[*** Running test method invalidPassword...
*** Executed invalidPassword test successfully...
]]></system-out>
    <system-err><![CDATA[Dec 17, 2020 4:19:56 PM org.openqa.selenium.remote.ProtocolHandshake createSession
INFO: Detected dialect: OSS
]]></system-err>
  </testcase>
  <testcase name="invalidPassword[mr.robot@robot.com, abcde12345](1)" classname="test.LoginTest" time="4.901">
    <system-out><![CDATA[*** Running test method invalidPassword...
*** Executed invalidPassword test successfully...
]]></system-out>
    <system-err><![CDATA[Dec 17, 2020 4:22:32 PM org.openqa.selenium.remote.ProtocolHandshake createSession
INFO: Detected dialect: W3C
]]></system-err>
  </testcase>
  <testcase name="invalidPassword[mr.robot@robot.com, abcde12345](1)" classname="test.LoginTest" time="5.674">
    <failure message="expected [Wrong email or password.] but found []" type="java.lang.AssertionError"><![CDATA[java.lang.AssertionError: expected [Wrong email or password.] but found []
	at test.LoginTest.invalidPassword(LoginTest.java:85)
]]></failure>
    <system-out><![CDATA[*** Running test method invalidPassword...
*** Test execution invalidPassword failed...
]]></system-out>
    <system-err><![CDATA[Dec 17, 2020 4:24:41 PM org.openqa.selenium.remote.ProtocolHandshake createSession
INFO: Detected dialect: OSS
]]></system-err>
  </testcase>
  <testcase name="invalidPassword[mr.robot@robot.com, abcde12345](1)" classname="test.LoginTest" time="2.906">
    <system-out><![CDATA[*** Running test method invalidPassword...
*** Executed invalidPassword test successfully...
]]></system-out>
    <system-err><![CDATA[Dec 17, 2020 4:27:00 PM org.openqa.selenium.remote.ProtocolHandshake createSession
INFO: Detected dialect: W3C
]]></system-err>
  </testcase>
  <testcase name="loginSuccessfully[mr.robot@robots.com, Zenvia@2020](1)" classname="test.LoginTest" time="30.794">
    <failure message="Element not found: no such element: Unable to locate element: {&quot;method&quot;:&quot;xpath&quot;,&quot;selector&quot;:&quot;//span[contains(text(),&apos;Início&apos;)]&quot;}&#10;  (Session info: chrome=84.0.4147.89)&#10;  (Driver info: chromedriver=84.0.4147.30 (48b3e868b4cc0aa7e8149519690b6f6949e110a8-refs/branch-heads/4147@{#310}),platform=Windows NT 10.0.18363 x86_64) (WARNING: The server did not provide any stacktrace information)&#10;Command duration or timeout: 20.02 seconds&#10;For documentation on this error, please visit: http://seleniumhq.org/exceptions/no_such_element.html&#10;Build info: version: &apos;2.53.0&apos;, revision: &apos;35ae25b&apos;, time: &apos;2016-03-15 17:00:58&apos;&#10;System info: host: &apos;208-78-111-84&apos;, ip: &apos;208.78.111.84&apos;, os.name: &apos;windows&apos;, os.arch: &apos;x86&apos;, os.version: &apos;10.0&apos;, java.version: &apos;1.8.0_181&apos;&#10;Driver info: org.openqa.selenium.chrome.ChromeDriver&#10;Capabilities [{mobileEmulationEnabled=false, timeouts={implicit=0, pageLoad=300000, script=30000}, hasTouchScreen=false, platform=XP, acceptSslCerts=false, goog:chromeOptions={debuggerAddress=localhost:1787}, acceptInsecureCerts=false, webStorageEnabled=true, browserName=chrome, takesScreenshot=true, javascriptEnabled=true, setWindowRect=true, unexpectedAlertBehaviour=ignore, applicationCacheEnabled=false, rotatable=false, networkConnectionEnabled=false, chrome={chromedriverVersion=84.0.4147.30 (48b3e868b4cc0aa7e8149519690b6f6949e110a8-refs/branch-heads/4147@{#310}), userDataDir=C:\Windows\proxy\scoped_dir9948_1968941234}, takesHeapSnapshot=true, pageLoadStrategy=normal, strictFileInteractability=false, databaseEnabled=false, handlesAlerts=true, version=84.0.4147.89, browserConnectionEnabled=false, proxy={}, nativeEvents=true, locationContextEnabled=true, cssSelectorsEnabled=true, webauthn:virtualAuthenticators=true}]&#10;Session ID: 1ed67c9ab30e1c3df1000949bc54d815&#10;*** Element info: {Using=xpath, value=//span[contains(text(),&apos;Início&apos;)]}&#10;Command duration or timeout: 0 milliseconds&#10;For documentation on this error, please visit: https://www.seleniumhq.org/exceptions/no_such_element.html&#10;Build info: version: &apos;3.141.59&apos;, revision: &apos;e82be7d358&apos;, time: &apos;2018-11-14T08:17:03&apos;&#10;System info: host: &apos;zenvia-001965&apos;, ip: &apos;127.0.1.1&apos;, os.name: &apos;Linux&apos;, os.arch: &apos;amd64&apos;, os.version: &apos;5.4.0-58-generic&apos;, java.version: &apos;11.0.9.1&apos;&#10;Driver info: driver.version: unknown" type="org.openqa.selenium.NoSuchElementException"><![CDATA[org.openqa.selenium.NoSuchElementException: 
Element not found: no such element: Unable to locate element: {"method":"xpath","selector":"//span[contains(text(),'Início')]"}
  (Session info: chrome=84.0.4147.89)
  (Driver info: chromedriver=84.0.4147.30 (48b3e868b4cc0aa7e8149519690b6f6949e110a8-refs/branch-heads/4147@{#310}),platform=Windows NT 10.0.18363 x86_64) (WARNING: The server did not provide any stacktrace information)
Command duration or timeout: 20.02 seconds
For documentation on this error, please visit: http://seleniumhq.org/exceptions/no_such_element.html
Build info: version: '2.53.0', revision: '35ae25b', time: '2016-03-15 17:00:58'
System info: host: '208-78-111-84', ip: '208.78.111.84', os.name: 'windows', os.arch: 'x86', os.version: '10.0', java.version: '1.8.0_181'
Driver info: org.openqa.selenium.chrome.ChromeDriver
Capabilities [{mobileEmulationEnabled=false, timeouts={implicit=0, pageLoad=300000, script=30000}, hasTouchScreen=false, platform=XP, acceptSslCerts=false, goog:chromeOptions={debuggerAddress=localhost:1787}, acceptInsecureCerts=false, webStorageEnabled=true, browserName=chrome, takesScreenshot=true, javascriptEnabled=true, setWindowRect=true, unexpectedAlertBehaviour=ignore, applicationCacheEnabled=false, rotatable=false, networkConnectionEnabled=false, chrome={chromedriverVersion=84.0.4147.30 (48b3e868b4cc0aa7e8149519690b6f6949e110a8-refs/branch-heads/4147@{#310}), userDataDir=C:\Windows\proxy\scoped_dir9948_1968941234}, takesHeapSnapshot=true, pageLoadStrategy=normal, strictFileInteractability=false, databaseEnabled=false, handlesAlerts=true, version=84.0.4147.89, browserConnectionEnabled=false, proxy={}, nativeEvents=true, locationContextEnabled=true, cssSelectorsEnabled=true, webauthn:virtualAuthenticators=true}]
Session ID: 1ed67c9ab30e1c3df1000949bc54d815
*** Element info: {Using=xpath, value=//span[contains(text(),'Início')]}
Command duration or timeout: 0 milliseconds
For documentation on this error, please visit: https://www.seleniumhq.org/exceptions/no_such_element.html
Build info: version: '3.141.59', revision: 'e82be7d358', time: '2018-11-14T08:17:03'
System info: host: 'zenvia-001965', ip: '127.0.1.1', os.name: 'Linux', os.arch: 'amd64', os.version: '5.4.0-58-generic', java.version: '11.0.9.1'
Driver info: driver.version: unknown
	at test.LoginTest.loginSuccessfully(LoginTest.java:92)
]]></failure>
    <system-out><![CDATA[*** Running test method loginSuccessfully...
*** Test execution loginSuccessfully failed...
]]></system-out>
    <system-err><![CDATA[Dec 17, 2020 4:13:17 PM org.openqa.selenium.remote.ProtocolHandshake createSession
INFO: Detected dialect: OSS
]]></system-err>
  </testcase>
  <testcase name="loginSuccessfully[mr.robot@robots.com, Zenvia@2020](1)" classname="test.LoginTest" time="24.583">
    <failure message="Element not found: Unable to locate element: //span[contains(text(),&apos;Início&apos;)]&#10;For documentation on this error, please visit: https://www.seleniumhq.org/exceptions/no_such_element.html&#10;Build info: version: &apos;3.141.59&apos;, revision: &apos;e82be7d358&apos;, time: &apos;2018-11-14T08:17:03&apos;&#10;System info: host: &apos;zenvia-001965&apos;, ip: &apos;127.0.1.1&apos;, os.name: &apos;Linux&apos;, os.arch: &apos;amd64&apos;, os.version: &apos;5.4.0-58-generic&apos;, java.version: &apos;11.0.9.1&apos;&#10;Driver info: org.openqa.selenium.remote.RemoteWebDriver&#10;Capabilities {acceptInsecureCerts: true, browserName: firefox, browserVersion: 80.0, javascriptEnabled: true, moz:accessibilityChecks: false, moz:buildID: 20200818235255, moz:geckodriverVersion: 0.27.0, moz:headless: false, moz:processID: 8776, moz:profile: C:\Windows\proxy\rust_mozpr..., moz:shutdownTimeout: 60000, moz:useNonSpecCompliantPointerOrigin: false, moz:webdriverClick: true, pageLoadStrategy: normal, platform: WINDOWS, platformName: WINDOWS, platformVersion: 10.0, rotatable: false, setWindowRect: true, strictFileInteractability: false, timeouts: {implicit: 0, pageLoad: 300000, script: 30000}, unhandledPromptBehavior: dismiss and notify, webdriver.remote.sessionid: 1653c0bcfe7fe1e42580abafbf1...}&#10;Session ID: 1653c0bcfe7fe1e42580abafbf197b8a3deaac83&#10;*** Element info: {Using=xpath, value=//span[contains(text(),&apos;Início&apos;)]}&#10;For documentation on this error, please visit: https://www.seleniumhq.org/exceptions/no_such_element.html&#10;Build info: version: &apos;3.141.59&apos;, revision: &apos;e82be7d358&apos;, time: &apos;2018-11-14T08:17:03&apos;&#10;System info: host: &apos;zenvia-001965&apos;, ip: &apos;127.0.1.1&apos;, os.name: &apos;Linux&apos;, os.arch: &apos;amd64&apos;, os.version: &apos;5.4.0-58-generic&apos;, java.version: &apos;11.0.9.1&apos;&#10;Driver info: driver.version: unknown" type="org.openqa.selenium.NoSuchElementException"><![CDATA[org.openqa.selenium.NoSuchElementException: 
Element not found: Unable to locate element: //span[contains(text(),'Início')]
For documentation on this error, please visit: https://www.seleniumhq.org/exceptions/no_such_element.html
Build info: version: '3.141.59', revision: 'e82be7d358', time: '2018-11-14T08:17:03'
System info: host: 'zenvia-001965', ip: '127.0.1.1', os.name: 'Linux', os.arch: 'amd64', os.version: '5.4.0-58-generic', java.version: '11.0.9.1'
Driver info: org.openqa.selenium.remote.RemoteWebDriver
Capabilities {acceptInsecureCerts: true, browserName: firefox, browserVersion: 80.0, javascriptEnabled: true, moz:accessibilityChecks: false, moz:buildID: 20200818235255, moz:geckodriverVersion: 0.27.0, moz:headless: false, moz:processID: 8776, moz:profile: C:\Windows\proxy\rust_mozpr..., moz:shutdownTimeout: 60000, moz:useNonSpecCompliantPointerOrigin: false, moz:webdriverClick: true, pageLoadStrategy: normal, platform: WINDOWS, platformName: WINDOWS, platformVersion: 10.0, rotatable: false, setWindowRect: true, strictFileInteractability: false, timeouts: {implicit: 0, pageLoad: 300000, script: 30000}, unhandledPromptBehavior: dismiss and notify, webdriver.remote.sessionid: 1653c0bcfe7fe1e42580abafbf1...}
Session ID: 1653c0bcfe7fe1e42580abafbf197b8a3deaac83
*** Element info: {Using=xpath, value=//span[contains(text(),'Início')]}
For documentation on this error, please visit: https://www.seleniumhq.org/exceptions/no_such_element.html
Build info: version: '3.141.59', revision: 'e82be7d358', time: '2018-11-14T08:17:03'
System info: host: 'zenvia-001965', ip: '127.0.1.1', os.name: 'Linux', os.arch: 'amd64', os.version: '5.4.0-58-generic', java.version: '11.0.9.1'
Driver info: driver.version: unknown
	at test.LoginTest.loginSuccessfully(LoginTest.java:92)
]]></failure>
    <system-out><![CDATA[*** Running test method loginSuccessfully...
*** Test execution loginSuccessfully failed...
]]></system-out>
    <system-err><![CDATA[Dec 17, 2020 4:16:52 PM org.openqa.selenium.remote.ProtocolHandshake createSession
INFO: Detected dialect: W3C
]]></system-err>
  </testcase>
  <testcase name="loginSuccessfully[mr.robot@robots.com, Zenvia@2020](1)" classname="test.LoginTest" time="27.376">
    <failure message="Element not found: no such element: Unable to locate element: {&quot;method&quot;:&quot;xpath&quot;,&quot;selector&quot;:&quot;//span[contains(text(),&apos;Início&apos;)]&quot;}&#10;  (Session info: MicrosoftEdge=85.0.564.41)&#10;For documentation on this error, please visit: https://www.seleniumhq.org/exceptions/no_such_element.html&#10;Build info: version: &apos;3.141.59&apos;, revision: &apos;e82be7d358&apos;, time: &apos;2018-11-14T08:25:53&apos;&#10;System info: host: &apos;199-7-165-23&apos;, ip: &apos;199.7.165.23&apos;, os.name: &apos;windows&apos;, os.arch: &apos;x86&apos;, os.version: &apos;10.0&apos;, java.version: &apos;1.8.0_181&apos;&#10;Driver info: driver.version: unknown&#10;Command duration or timeout: 0 milliseconds&#10;For documentation on this error, please visit: https://www.seleniumhq.org/exceptions/no_such_element.html&#10;Build info: version: &apos;3.141.59&apos;, revision: &apos;e82be7d358&apos;, time: &apos;2018-11-14T08:17:03&apos;&#10;System info: host: &apos;zenvia-001965&apos;, ip: &apos;127.0.1.1&apos;, os.name: &apos;Linux&apos;, os.arch: &apos;amd64&apos;, os.version: &apos;5.4.0-58-generic&apos;, java.version: &apos;11.0.9.1&apos;&#10;Driver info: driver.version: unknown" type="org.openqa.selenium.NoSuchElementException"><![CDATA[org.openqa.selenium.NoSuchElementException: 
Element not found: no such element: Unable to locate element: {"method":"xpath","selector":"//span[contains(text(),'Início')]"}
  (Session info: MicrosoftEdge=85.0.564.41)
For documentation on this error, please visit: https://www.seleniumhq.org/exceptions/no_such_element.html
Build info: version: '3.141.59', revision: 'e82be7d358', time: '2018-11-14T08:25:53'
System info: host: '199-7-165-23', ip: '199.7.165.23', os.name: 'windows', os.arch: 'x86', os.version: '10.0', java.version: '1.8.0_181'
Driver info: driver.version: unknown
Command duration or timeout: 0 milliseconds
For documentation on this error, please visit: https://www.seleniumhq.org/exceptions/no_such_element.html
Build info: version: '3.141.59', revision: 'e82be7d358', time: '2018-11-14T08:17:03'
System info: host: 'zenvia-001965', ip: '127.0.1.1', os.name: 'Linux', os.arch: 'amd64', os.version: '5.4.0-58-generic', java.version: '11.0.9.1'
Driver info: driver.version: unknown
	at test.LoginTest.loginSuccessfully(LoginTest.java:92)
]]></failure>
    <system-out><![CDATA[*** Running test method loginSuccessfully...
*** Test execution loginSuccessfully failed...
]]></system-out>
    <system-err><![CDATA[Dec 17, 2020 4:20:15 PM org.openqa.selenium.remote.ProtocolHandshake createSession
INFO: Detected dialect: OSS
]]></system-err>
  </testcase>
  <testcase name="loginSuccessfully[mr.robot@robots.com, Zenvia@2020](1)" classname="test.LoginTest" time="25.271">
    <failure message="Element not found: Unable to locate element: //span[contains(text(),&apos;Início&apos;)]&#10;For documentation on this error, please visit: https://www.seleniumhq.org/exceptions/no_such_element.html&#10;Build info: version: &apos;3.141.59&apos;, revision: &apos;e82be7d358&apos;, time: &apos;2018-11-14T08:17:03&apos;&#10;System info: host: &apos;zenvia-001965&apos;, ip: &apos;127.0.1.1&apos;, os.name: &apos;Linux&apos;, os.arch: &apos;amd64&apos;, os.version: &apos;5.4.0-58-generic&apos;, java.version: &apos;11.0.9.1&apos;&#10;Driver info: org.openqa.selenium.remote.RemoteWebDriver&#10;Capabilities {acceptInsecureCerts: true, browserName: firefox, browserVersion: 80.0, javascriptEnabled: true, moz:accessibilityChecks: false, moz:buildID: 20200818235255, moz:geckodriverVersion: 0.27.0, moz:headless: false, moz:processID: 41894, moz:profile: /var/folders/3y/zz_w6_s56sl..., moz:shutdownTimeout: 60000, moz:useNonSpecCompliantPointerOrigin: false, moz:webdriverClick: true, pageLoadStrategy: normal, platform: MAC, platformName: MAC, platformVersion: 19.6.0, rotatable: false, setWindowRect: true, strictFileInteractability: false, timeouts: {implicit: 0, pageLoad: 300000, script: 30000}, unhandledPromptBehavior: dismiss and notify, webdriver.remote.sessionid: a7934c1df2e5d87485e87fc8a37...}&#10;Session ID: a7934c1df2e5d87485e87fc8a37edc1c5c467b2a&#10;*** Element info: {Using=xpath, value=//span[contains(text(),&apos;Início&apos;)]}&#10;For documentation on this error, please visit: https://www.seleniumhq.org/exceptions/no_such_element.html&#10;Build info: version: &apos;3.141.59&apos;, revision: &apos;e82be7d358&apos;, time: &apos;2018-11-14T08:17:03&apos;&#10;System info: host: &apos;zenvia-001965&apos;, ip: &apos;127.0.1.1&apos;, os.name: &apos;Linux&apos;, os.arch: &apos;amd64&apos;, os.version: &apos;5.4.0-58-generic&apos;, java.version: &apos;11.0.9.1&apos;&#10;Driver info: driver.version: unknown" type="org.openqa.selenium.NoSuchElementException"><![CDATA[org.openqa.selenium.NoSuchElementException: 
Element not found: Unable to locate element: //span[contains(text(),'Início')]
For documentation on this error, please visit: https://www.seleniumhq.org/exceptions/no_such_element.html
Build info: version: '3.141.59', revision: 'e82be7d358', time: '2018-11-14T08:17:03'
System info: host: 'zenvia-001965', ip: '127.0.1.1', os.name: 'Linux', os.arch: 'amd64', os.version: '5.4.0-58-generic', java.version: '11.0.9.1'
Driver info: org.openqa.selenium.remote.RemoteWebDriver
Capabilities {acceptInsecureCerts: true, browserName: firefox, browserVersion: 80.0, javascriptEnabled: true, moz:accessibilityChecks: false, moz:buildID: 20200818235255, moz:geckodriverVersion: 0.27.0, moz:headless: false, moz:processID: 41894, moz:profile: /var/folders/3y/zz_w6_s56sl..., moz:shutdownTimeout: 60000, moz:useNonSpecCompliantPointerOrigin: false, moz:webdriverClick: true, pageLoadStrategy: normal, platform: MAC, platformName: MAC, platformVersion: 19.6.0, rotatable: false, setWindowRect: true, strictFileInteractability: false, timeouts: {implicit: 0, pageLoad: 300000, script: 30000}, unhandledPromptBehavior: dismiss and notify, webdriver.remote.sessionid: a7934c1df2e5d87485e87fc8a37...}
Session ID: a7934c1df2e5d87485e87fc8a37edc1c5c467b2a
*** Element info: {Using=xpath, value=//span[contains(text(),'Início')]}
For documentation on this error, please visit: https://www.seleniumhq.org/exceptions/no_such_element.html
Build info: version: '3.141.59', revision: 'e82be7d358', time: '2018-11-14T08:17:03'
System info: host: 'zenvia-001965', ip: '127.0.1.1', os.name: 'Linux', os.arch: 'amd64', os.version: '5.4.0-58-generic', java.version: '11.0.9.1'
Driver info: driver.version: unknown
	at test.LoginTest.loginSuccessfully(LoginTest.java:92)
]]></failure>
    <system-out><![CDATA[*** Running test method loginSuccessfully...
*** Test execution loginSuccessfully failed...
]]></system-out>
    <system-err><![CDATA[Dec 17, 2020 4:22:54 PM org.openqa.selenium.remote.ProtocolHandshake createSession
INFO: Detected dialect: W3C
]]></system-err>
  </testcase>
  <testcase name="loginSuccessfully[mr.robot@robots.com, Zenvia@2020](1)" classname="test.LoginTest" time="25.921">
    <failure message="Element not found: no such element: Unable to locate element: {&quot;method&quot;:&quot;xpath&quot;,&quot;selector&quot;:&quot;//span[contains(text(),&apos;Início&apos;)]&quot;}&#10;  (Session info: chrome=85.0.4183.83)&#10;  (Driver info: chromedriver=85.0.4183.38 (9047dbc2c693f044042bbec5c91401c708c7c26a-refs/branch-heads/4183@{#779}),platform=Mac OS X 10.15.6 x86_64) (WARNING: The server did not provide any stacktrace information)&#10;Command duration or timeout: 20.18 seconds&#10;For documentation on this error, please visit: http://seleniumhq.org/exceptions/no_such_element.html&#10;Build info: version: &apos;2.53.0&apos;, revision: &apos;35ae25b&apos;, time: &apos;2016-03-15 17:00:58&apos;&#10;System info: host: &apos;mac-208-52-145-214.browserstack.com&apos;, ip: &apos;208.52.145.214&apos;, os.name: &apos;Mac OS X&apos;, os.arch: &apos;x86_64&apos;, os.version: &apos;10.15.6&apos;, java.version: &apos;1.8.0_51&apos;&#10;Driver info: org.openqa.selenium.chrome.ChromeDriver&#10;Capabilities [{mobileEmulationEnabled=false, timeouts={implicit=0, pageLoad=300000, script=30000}, hasTouchScreen=false, platform=MAC, acceptSslCerts=false, goog:chromeOptions={debuggerAddress=localhost:62112}, acceptInsecureCerts=false, webStorageEnabled=true, browserName=chrome, takesScreenshot=true, javascriptEnabled=true, setWindowRect=true, unexpectedAlertBehaviour=ignore, applicationCacheEnabled=false, rotatable=false, networkConnectionEnabled=false, chrome={chromedriverVersion=85.0.4183.38 (9047dbc2c693f044042bbec5c91401c708c7c26a-refs/branch-heads/4183@{#779}), userDataDir=/var/folders/3y/zz_w6_s56sl__vcrf3r5bhzr0000hr/T/.com.google.Chrome.tNrLEv}, takesHeapSnapshot=true, pageLoadStrategy=normal, strictFileInteractability=false, databaseEnabled=false, handlesAlerts=true, version=85.0.4183.83, browserConnectionEnabled=false, proxy={}, nativeEvents=true, locationContextEnabled=true, cssSelectorsEnabled=true, webauthn:virtualAuthenticators=true}]&#10;Session ID: 95fc96520efee92b0a2e555c8bdbb6f2&#10;*** Element info: {Using=xpath, value=//span[contains(text(),&apos;Início&apos;)]}&#10;Command duration or timeout: 0 milliseconds&#10;For documentation on this error, please visit: https://www.seleniumhq.org/exceptions/no_such_element.html&#10;Build info: version: &apos;3.141.59&apos;, revision: &apos;e82be7d358&apos;, time: &apos;2018-11-14T08:17:03&apos;&#10;System info: host: &apos;zenvia-001965&apos;, ip: &apos;127.0.1.1&apos;, os.name: &apos;Linux&apos;, os.arch: &apos;amd64&apos;, os.version: &apos;5.4.0-58-generic&apos;, java.version: &apos;11.0.9.1&apos;&#10;Driver info: driver.version: unknown" type="org.openqa.selenium.NoSuchElementException"><![CDATA[org.openqa.selenium.NoSuchElementException: 
Element not found: no such element: Unable to locate element: {"method":"xpath","selector":"//span[contains(text(),'Início')]"}
  (Session info: chrome=85.0.4183.83)
  (Driver info: chromedriver=85.0.4183.38 (9047dbc2c693f044042bbec5c91401c708c7c26a-refs/branch-heads/4183@{#779}),platform=Mac OS X 10.15.6 x86_64) (WARNING: The server did not provide any stacktrace information)
Command duration or timeout: 20.18 seconds
For documentation on this error, please visit: http://seleniumhq.org/exceptions/no_such_element.html
Build info: version: '2.53.0', revision: '35ae25b', time: '2016-03-15 17:00:58'
System info: host: 'mac-208-52-145-214.browserstack.com', ip: '208.52.145.214', os.name: 'Mac OS X', os.arch: 'x86_64', os.version: '10.15.6', java.version: '1.8.0_51'
Driver info: org.openqa.selenium.chrome.ChromeDriver
Capabilities [{mobileEmulationEnabled=false, timeouts={implicit=0, pageLoad=300000, script=30000}, hasTouchScreen=false, platform=MAC, acceptSslCerts=false, goog:chromeOptions={debuggerAddress=localhost:62112}, acceptInsecureCerts=false, webStorageEnabled=true, browserName=chrome, takesScreenshot=true, javascriptEnabled=true, setWindowRect=true, unexpectedAlertBehaviour=ignore, applicationCacheEnabled=false, rotatable=false, networkConnectionEnabled=false, chrome={chromedriverVersion=85.0.4183.38 (9047dbc2c693f044042bbec5c91401c708c7c26a-refs/branch-heads/4183@{#779}), userDataDir=/var/folders/3y/zz_w6_s56sl__vcrf3r5bhzr0000hr/T/.com.google.Chrome.tNrLEv}, takesHeapSnapshot=true, pageLoadStrategy=normal, strictFileInteractability=false, databaseEnabled=false, handlesAlerts=true, version=85.0.4183.83, browserConnectionEnabled=false, proxy={}, nativeEvents=true, locationContextEnabled=true, cssSelectorsEnabled=true, webauthn:virtualAuthenticators=true}]
Session ID: 95fc96520efee92b0a2e555c8bdbb6f2
*** Element info: {Using=xpath, value=//span[contains(text(),'Início')]}
Command duration or timeout: 0 milliseconds
For documentation on this error, please visit: https://www.seleniumhq.org/exceptions/no_such_element.html
Build info: version: '3.141.59', revision: 'e82be7d358', time: '2018-11-14T08:17:03'
System info: host: 'zenvia-001965', ip: '127.0.1.1', os.name: 'Linux', os.arch: 'amd64', os.version: '5.4.0-58-generic', java.version: '11.0.9.1'
Driver info: driver.version: unknown
	at test.LoginTest.loginSuccessfully(LoginTest.java:92)
]]></failure>
    <system-out><![CDATA[*** Running test method loginSuccessfully...
*** Test execution loginSuccessfully failed...
]]></system-out>
    <system-err><![CDATA[Dec 17, 2020 4:24:59 PM org.openqa.selenium.remote.ProtocolHandshake createSession
INFO: Detected dialect: OSS
]]></system-err>
  </testcase>
  <testcase name="loginSuccessfully[mr.robot@robots.com, Zenvia@2020](1)" classname="test.LoginTest" time="3.379">
    <failure message="Element not found: &#10;Build info: version: &apos;3.141.59&apos;, revision: &apos;e82be7d358&apos;, time: &apos;2018-11-14T08:17:03&apos;&#10;System info: host: &apos;zenvia-001965&apos;, ip: &apos;127.0.1.1&apos;, os.name: &apos;Linux&apos;, os.arch: &apos;amd64&apos;, os.version: &apos;5.4.0-58-generic&apos;, java.version: &apos;11.0.9.1&apos;&#10;Driver info: org.openqa.selenium.remote.RemoteWebDriver&#10;Capabilities {acceptInsecureCerts: false, browserName: Safari, browserVersion: 13.1.2, javascriptEnabled: true, platform: MAC, platformName: MAC, safari:automaticInspection: false, safari:automaticProfiling: false, safari:diagnose: false, safari:platformBuildVersion: 19G2021, safari:platformVersion: 10.15.6, safari:useSimulator: false, setWindowRect: true, strictFileInteractability: false, webdriver.remote.sessionid: 3fdf8a6accdcd11d693ab98a6ba..., webkit:WebRTC: {DisableICECandidateFiltering: false, DisableInsecureMediaCapture: false}}&#10;Session ID: 3fdf8a6accdcd11d693ab98a6ba67aa680bc685d&#10;*** Element info: {Using=xpath, value=//span[contains(text(),&apos;Início&apos;)]}&#10;For documentation on this error, please visit: https://www.seleniumhq.org/exceptions/no_such_element.html&#10;Build info: version: &apos;3.141.59&apos;, revision: &apos;e82be7d358&apos;, time: &apos;2018-11-14T08:17:03&apos;&#10;System info: host: &apos;zenvia-001965&apos;, ip: &apos;127.0.1.1&apos;, os.name: &apos;Linux&apos;, os.arch: &apos;amd64&apos;, os.version: &apos;5.4.0-58-generic&apos;, java.version: &apos;11.0.9.1&apos;&#10;Driver info: driver.version: unknown" type="org.openqa.selenium.NoSuchElementException"><![CDATA[org.openqa.selenium.NoSuchElementException: 
Element not found: 
Build info: version: '3.141.59', revision: 'e82be7d358', time: '2018-11-14T08:17:03'
System info: host: 'zenvia-001965', ip: '127.0.1.1', os.name: 'Linux', os.arch: 'amd64', os.version: '5.4.0-58-generic', java.version: '11.0.9.1'
Driver info: org.openqa.selenium.remote.RemoteWebDriver
Capabilities {acceptInsecureCerts: false, browserName: Safari, browserVersion: 13.1.2, javascriptEnabled: true, platform: MAC, platformName: MAC, safari:automaticInspection: false, safari:automaticProfiling: false, safari:diagnose: false, safari:platformBuildVersion: 19G2021, safari:platformVersion: 10.15.6, safari:useSimulator: false, setWindowRect: true, strictFileInteractability: false, webdriver.remote.sessionid: 3fdf8a6accdcd11d693ab98a6ba..., webkit:WebRTC: {DisableICECandidateFiltering: false, DisableInsecureMediaCapture: false}}
Session ID: 3fdf8a6accdcd11d693ab98a6ba67aa680bc685d
*** Element info: {Using=xpath, value=//span[contains(text(),'Início')]}
For documentation on this error, please visit: https://www.seleniumhq.org/exceptions/no_such_element.html
Build info: version: '3.141.59', revision: 'e82be7d358', time: '2018-11-14T08:17:03'
System info: host: 'zenvia-001965', ip: '127.0.1.1', os.name: 'Linux', os.arch: 'amd64', os.version: '5.4.0-58-generic', java.version: '11.0.9.1'
Driver info: driver.version: unknown
	at test.LoginTest.loginSuccessfully(LoginTest.java:92)
]]></failure>
    <system-out><![CDATA[*** Running test method loginSuccessfully...
*** Test execution loginSuccessfully failed...
]]></system-out>
    <system-err><![CDATA[Dec 17, 2020 4:27:15 PM org.openqa.selenium.remote.ProtocolHandshake createSession
INFO: Detected dialect: W3C
]]></system-err>
  </testcase>
</testsuite>